Version: 1.5
Global
	ProjectRoot:	.
	Target:	iTasks
	CodeGen
		CheckStacks:	False
		CheckIndexes:	True
		OptimiseABC:	True
		GenerateByteCode:	True
	Application
		HeapSize:	167772160
		StackSize:	1048576
		ExtraMemory:	81920
		IntialHeapSize:	204800
		HeapSizeMultiplier:	4096
		ShowExecutionTime:	False
		ShowGC:	False
		ShowStackSize:	False
		MarkingCollector:	False
		DisableRTSFlags:	False
		StandardRuntimeEnv:	True
		Profile
			Memory:	False
			MemoryMinimumHeapSize:	0
			Time:	False
			Stack:	False
			Dynamics:	True
			GenericFusion:	False
			DescExL:	True
		Output
			Output:	ShowConstructors
			Font:	Courier
			FontSize:	9
			WriteStdErr:	False
	Link
		LinkMethod:	Static
		GenerateRelocations:	False
		GenerateSymbolTable:	False
		GenerateLinkMap:	False
		LinkResources:	False
		ResourceSource:	
		GenerateDLL:	False
		ExportedNames:	
		StripByteCode:	True
		KeepByteCodeSymbols:	True
		PrelinkByteCode:	True
	Paths
		Path:	{Project}
	Precompile:	
	Postlink:	
